# JRE version: Java(TM) SE Runtime Environment (7.0_75-b13) (build 1.7.0_75-b13)
# Java VM: Java HotSpot(TM) 64-Bit Server VM (24.75-b04 mixed mode linux-amd64 compressed oops)
Heap
 PSYoungGen      total 424960K, used 64K [0x00000007d6680000, 0x00000007f0a80000, 0x0000000800000000)
  eden space 419840K, 0% used [0x00000007d6680000,0x00000007d6680000,0x00000007f0080000)
  from space 5120K, 1% used [0x00000007f0080000,0x00000007f0090000,0x00000007f0580000)
  to   space 5120K, 0% used [0x00000007f0580000,0x00000007f0580000,0x00000007f0a80000)
 ParOldGen       total 84992K, used 1934K [0x0000000783400000, 0x0000000788700000, 0x00000007d6680000)
  object space 84992K, 2% used [0x0000000783400000,0x00000007835e3808,0x0000000788700000)
 PSPermGen       total 21504K, used 7569K [0x000000077e200000, 0x000000077f700000, 0x0000000783400000)
  object space 21504K, 35% used [0x000000077e200000,0x000000077e9647f0,0x000000077f700000)
GC Heap History (10 events):
Event: 90.017 GC heap after
Heap after GC invocations=6 (full 0):
 PSYoungGen      total 136192K, used 1888K [0x00000007d6680000, 0x00000007df080000, 0x0000000800000000)
  eden space 131072K, 0% used [0x00000007d6680000,0x00000007d6680000,0x00000007de680000)
  from space 5120K, 36% used [0x00000007deb80000,0x00000007ded58020,0x00000007df080000)
  to   space 5120K, 0% used [0x00000007de680000,0x00000007de680000,0x00000007deb80000)
 ParOldGen       total 84992K, used 88K [0x0000000783400000, 0x0000000788700000, 0x00000007d6680000)
  object space 84992K, 0% used [0x0000000783400000,0x0000000783416010,0x0000000788700000)
 PSPermGen       total 21504K, used 7569K [0x000000077e200000, 0x000000077f700000, 0x0000000783400000)
  object space 21504K, 35% used [0x000000077e200000,0x000000077e9647f0,0x000000077f700000)
}
Event: 94.197 GC heap before
{Heap before GC invocations=7 (full 0):
 PSYoungGen      total 136192K, used 132960K [0x00000007d6680000, 0x00000007df080000, 0x0000000800000000)
  eden space 131072K, 100% used [0x00000007d6680000,0x00000007de680000,0x00000007de680000)
  from space 5120K, 36% used [0x00000007deb80000,0x00000007ded58020,0x00000007df080000)
  to   space 5120K, 0% used [0x00000007de680000,0x00000007de680000,0x00000007deb80000)
 ParOldGen       total 84992K, used 88K [0x0000000783400000, 0x0000000788700000, 0x00000007d6680000)
  object space 84992K, 0% used [0x0000000783400000,0x0000000783416010,0x0000000788700000)
 PSPermGen       total 21504K, used 7569K [0x000000077e200000, 0x000000077f700000, 0x0000000783400000)
  object space 21504K, 35% used [0x000000077e200000,0x000000077e9647f0,0x000000077f700000)
Event: 94.277 GC heap after
Heap after GC invocations=7 (full 0):
 PSYoungGen      total 136192K, used 64K [0x00000007d6680000, 0x00000007e7080000, 0x0000000800000000)
  eden space 131072K, 0% used [0x00000007d6680000,0x00000007d6680000,0x00000007de680000)
  from space 5120K, 1% used [0x00000007de680000,0x00000007de690000,0x00000007deb80000)
  to   space 5120K, 0% used [0x00000007e6b80000,0x00000007e6b80000,0x00000007e7080000)
 ParOldGen       total 84992K, used 1918K [0x0000000783400000, 0x0000000788700000, 0x00000007d6680000)
  object space 84992K, 2% used [0x0000000783400000,0x00000007835df808,0x0000000788700000)
 PSPermGen       total 21504K, used 7569K [0x000000077e200000, 0x000000077f700000, 0x0000000783400000)
  object space 21504K, 35% used [0x000000077e200000,0x000000077e9647f0,0x000000077f700000)
}
Event: 95.321 GC heap before
{Heap before GC invocations=8 (full 0):
 PSYoungGen      total 136192K, used 131136K [0x00000007d6680000, 0x00000007e7080000, 0x0000000800000000)
  eden space 131072K, 100% used [0x00000007d6680000,0x00000007de680000,0x00000007de680000)
  from space 5120K, 1% used [0x00000007de680000,0x00000007de690000,0x00000007deb80000)
  to   space 5120K, 0% used [0x00000007e6b80000,0x00000007e6b80000,0x00000007e7080000)
 ParOldGen       total 84992K, used 1918K [0x0000000783400000, 0x0000000788700000, 0x00000007d6680000)
  object space 84992K, 2% used [0x0000000783400000,0x00000007835df808,0x0000000788700000)
 PSPermGen       total 21504K, used 7569K [0x000000077e200000, 0x000000077f700000, 0x0000000783400000)
  object space 21504K, 35% used [0x000000077e200000,0x000000077e9647f0,0x000000077f700000)
Event: 95.327 GC heap after
Heap after GC invocations=8 (full 0):
 PSYoungGen      total 267264K, used 32K [0x00000007d6680000, 0x00000007e7080000, 0x0000000800000000)
  eden space 262144K, 0% used [0x00000007d6680000,0x00000007d6680000,0x00000007e6680000)
  from space 5120K, 0% used [0x00000007e6b80000,0x00000007e6b88000,0x00000007e7080000)
  to   space 5120K, 0% used [0x00000007e6680000,0x00000007e6680000,0x00000007e6b80000)
 ParOldGen       total 84992K, used 1926K [0x0000000783400000, 0x0000000788700000, 0x00000007d6680000)
  object space 84992K, 2% used [0x0000000783400000,0x00000007835e1808,0x0000000788700000)
 PSPermGen       total 21504K, used 7569K [0x000000077e200000, 0x000000077f700000, 0x0000000783400000)
  object space 21504K, 35% used [0x000000077e200000,0x000000077e9647f0,0x000000077f700000)
}
Event: 101.916 GC heap before
{Heap before GC invocations=9 (full 0):
 PSYoungGen      total 267264K, used 262176K [0x00000007d6680000, 0x00000007e7080000, 0x0000000800000000)
  eden space 262144K, 100% used [0x00000007d6680000,0x00000007e6680000,0x00000007e6680000)
  from space 5120K, 0% used [0x00000007e6b80000,0x00000007e6b88000,0x00000007e7080000)
  to   space 5120K, 0% used [0x00000007e6680000,0x00000007e6680000,0x00000007e6b80000)
 ParOldGen       total 84992K, used 1926K [0x0000000783400000, 0x0000000788700000, 0x00000007d6680000)
  object space 84992K, 2% used [0x0000000783400000,0x00000007835e1808,0x0000000788700000)
 PSPermGen       total 21504K, used 7569K [0x000000077e200000, 0x000000077f700000, 0x0000000783400000)
  object space 21504K, 35% used [0x000000077e200000,0x000000077e9647f0,0x000000077f700000)
Event: 101.925 GC heap after
Heap after GC invocations=9 (full 0):
 PSYoungGen      total 267264K, used 32K [0x00000007d6680000, 0x00000007f0a80000, 0x0000000800000000)
  eden space 262144K, 0% used [0x00000007d6680000,0x00000007d6680000,0x00000007e6680000)
  from space 5120K, 0% used [0x00000007e6680000,0x00000007e6688000,0x00000007e6b80000)
  to   space 5120K, 0% used [0x00000007f0580000,0x00000007f0580000,0x00000007f0a80000)
 ParOldGen       total 84992K, used 1934K [0x0000000783400000, 0x0000000788700000, 0x00000007d6680000)
  object space 84992K, 2% used [0x0000000783400000,0x00000007835e3808,0x0000000788700000)
 PSPermGen       total 21504K, used 7569K [0x000000077e200000, 0x000000077f700000, 0x0000000783400000)
  object space 21504K, 35% used [0x000000077e200000,0x000000077e9647f0,0x000000077f700000)
}
Event: 108.460 GC heap before
{Heap before GC invocations=10 (full 0):
 PSYoungGen      total 267264K, used 262176K [0x00000007d6680000, 0x00000007f0a80000, 0x0000000800000000)
  eden space 262144K, 100% used [0x00000007d6680000,0x00000007e6680000,0x00000007e6680000)
  from space 5120K, 0% used [0x00000007e6680000,0x00000007e6688000,0x00000007e6b80000)
  to   space 5120K, 0% used [0x00000007f0580000,0x00000007f0580000,0x00000007f0a80000)
 ParOldGen       total 84992K, used 1934K [0x0000000783400000, 0x0000000788700000, 0x00000007d6680000)
  object space 84992K, 2% used [0x0000000783400000,0x00000007835e3808,0x0000000788700000)
 PSPermGen       total 21504K, used 7569K [0x000000077e200000, 0x000000077f700000, 0x0000000783400000)
  object space 21504K, 35% used [0x000000077e200000,0x000000077e9647f0,0x000000077f700000)
Event: 108.471 GC heap after
Heap after GC invocations=10 (full 0):
 PSYoungGen      total 424960K, used 32K [0x00000007d6680000, 0x00000007f0a80000, 0x0000000800000000)
  eden space 419840K, 0% used [0x00000007d6680000,0x00000007d6680000,0x00000007f0080000)
  from space 5120K, 0% used [0x00000007f0580000,0x00000007f0588000,0x00000007f0a80000)
  to   space 5120K, 0% used [0x00000007f0080000,0x00000007f0080000,0x00000007f0580000)
 ParOldGen       total 84992K, used 1934K [0x0000000783400000, 0x0000000788700000, 0x00000007d6680000)
  object space 84992K, 2% used [0x0000000783400000,0x00000007835e3808,0x0000000788700000)
 PSPermGen       total 21504K, used 7569K [0x000000077e200000, 0x000000077f700000, 0x0000000783400000)
  object space 21504K, 35% used [0x000000077e200000,0x000000077e9647f0,0x000000077f700000)
}
Event: 129.254 GC heap before
{Heap before GC invocations=11 (full 0):
 PSYoungGen      total 424960K, used 419872K [0x00000007d6680000, 0x00000007f0a80000, 0x0000000800000000)
  eden space 419840K, 100% used [0x00000007d6680000,0x00000007f0080000,0x00000007f0080000)
  from space 5120K, 0% used [0x00000007f0580000,0x00000007f0588000,0x00000007f0a80000)
  to   space 5120K, 0% used [0x00000007f0080000,0x00000007f0080000,0x00000007f0580000)
 ParOldGen       total 84992K, used 1934K [0x0000000783400000, 0x0000000788700000, 0x00000007d6680000)
  object space 84992K, 2% used [0x0000000783400000,0x00000007835e3808,0x0000000788700000)
 PSPermGen       total 21504K, used 7569K [0x000000077e200000, 0x000000077f700000, 0x0000000783400000)
  object space 21504K, 35% used [0x000000077e200000,0x000000077e9647f0,0x000000077f700000)

